<?xml version="1.0" encoding="UTF-8"?>
<!-- Generated by org.testng.reporters.JUnitReportReporter -->
<testsuite hostname="user" failures="0" tests="1" name="Test_POST" time="4.337" errors="0" timestamp="13 Jun 2020 10:11:59 GMT" skipped="0">
  <testcase classname="Test_POST" name="test" time="4.337"/>
</testsuite> <!-- Test_POST -->
