<?xml version="1.0" encoding="UTF-8"?>
<!-- Generated by org.testng.reporters.JUnitReportReporter -->
<testsuite hostname="user" failures="0" tests="1" name="Test_DELETE" time="4.576" errors="0" timestamp="13 Jun 2020 10:08:43 GMT" skipped="0">
  <testcase classname="Test_DELETE" name="test2" time="4.576"/>
</testsuite> <!-- Test_DELETE -->
