<?xml version="1.0" encoding="UTF-8"?>
<!-- Generated by org.testng.reporters.JUnitReportReporter -->
<testsuite hostname="user" failures="0" tests="1" name="Test_GET" time="6.465" errors="0" timestamp="13 Jun 2020 09:10:01 GMT" skipped="0">
  <testcase classname="Test_GET" name="test2" time="6.465"/>
</testsuite> <!-- Test_GET -->
